<?xml version="1.0" encoding="UTF-8"?>
<!-- Generated by org.testng.reporters.JUnitXMLReporter -->
<testsuite ignored="0" hostname="CDXN-IT020484" failures="0" tests="1" name="Test" time="0.082" errors="0" timestamp="2021-08-20T15:19:06 PDT">
  <testcase classname="logintest.Loginfeature" name="@BeforeTest setup" time="-1.629497945918E9">
    <failure type="org.testng.TestNGException" message="
Parameter &amp;apos;browser&amp;apos; is required by BeforeTest on method setup but has not been marked @Optional or defined
in C:\Users\MauPatel\eclipse-workspace\SeleniumBasic\testng.xml">
      <![CDATA[org.testng.TestNGException: 
Parameter 'browser' is required by BeforeTest on method setup but has not been marked @Optional or defined
in C:\Users\MauPatel\eclipse-workspace\SeleniumBasic\testng.xml
... Removed 21 stack frames]]>
    </failure>
  </testcase> <!-- @BeforeTest setup -->
  <testcase classname="logintest.Loginfeature" name="@AfterTest closeBrowser" time="-1.629497945988E9">
    <skipped/>
  </testcase> <!-- @AfterTest closeBrowser -->
  <testcase classname="logintest.Loginfeature" name="testLogin" time="0.0">
    <skipped/>
  </testcase> <!-- testLogin -->
</testsuite> <!-- Test -->
