<?xml version="1.0" encoding="UTF-8"?>
<!-- Generated by org.testng.reporters.JUnitReportReporter -->
<testsuite hostname="CDXN-IT020484" failures="2" tests="10" name="logintest.Loginfeature" time="77.310" errors="0" timestamp="2021-08-22T01:13:01 PDT" skipped="0">
  <testcase classname="logintest.Loginfeature" name="LoginSuccessStdUser" time="9.340"/>
  <system-out>
    <![CDATA[<a href='C:\Users\MauPatel\eclipse-workspace\SeleniumBasic\screenshot\LoginSuccess_20210822011218.png'> <img src='C:\Users\MauPatel\eclipse-workspace\SeleniumBasic\screenshot\LoginSuccess_20210822011218.png' height='100' width='100'/> </a>]]>
  </system-out>
  <testcase classname="logintest.Loginfeature" name="LoginSuccessStdUser" time="4.549"/>
  <system-out>
    <![CDATA[<a href='C:\Users\MauPatel\eclipse-workspace\SeleniumBasic\screenshot\LoginSuccess_20210822011148.png'> <img src='C:\Users\MauPatel\eclipse-workspace\SeleniumBasic\screenshot\LoginSuccess_20210822011148.png' height='100' width='100'/> </a>]]>
  </system-out>
  <testcase classname="logintest.Loginfeature" name="loginLockedOutUser" time="8.616"/>
  <system-out>
    <![CDATA[<a href='C:\Users\MauPatel\eclipse-workspace\SeleniumBasic\screenshot\loginLockedOutUser_20210822011227.png'> <img src='C:\Users\MauPatel\eclipse-workspace\SeleniumBasic\screenshot\loginLockedOutUser_20210822011227.png' height='100' width='100'/> </a>]]>
  </system-out>
  <testcase classname="logintest.Loginfeature" name="loginLockedOutUser" time="3.245"/>
  <system-out>
    <![CDATA[<a href='C:\Users\MauPatel\eclipse-workspace\SeleniumBasic\screenshot\loginLockedOutUser_20210822011155.png'> <img src='C:\Users\MauPatel\eclipse-workspace\SeleniumBasic\screenshot\loginLockedOutUser_20210822011155.png' height='100' width='100'/> </a>]]>
  </system-out>
  <testcase classname="logintest.Loginfeature" name="loginPerformanceGlitch" time="13.816">
    <failure message="Performance Issue - Page Load Time should be less than 50 milliseconds expected [true] but found [false]" type="java.lang.AssertionError">
      <![CDATA[java.lang.AssertionError: Performance Issue - Page Load Time should be less than 50 milliseconds expected [true] but found [false]
at org.testng.Assert.fail(Assert.java:99)
at org.testng.Assert.failNotEquals(Assert.java:1037)
at org.testng.Assert.assertTrue(Assert.java:45)
at logintest.Loginfeature.loginPerformanceGlitch(Loginfeature.java:106)
at java.base/jdk.internal.reflect.NativeMethodAccessorImpl.invoke0(Native Method)
at java.base/jdk.internal.reflect.NativeMethodAccessorImpl.invoke(NativeMethodAccessorImpl.java:78)
at java.base/jdk.internal.reflect.DelegatingMethodAccessorImpl.invoke(DelegatingMethodAccessorImpl.java:43)
at java.base/java.lang.reflect.Method.invoke(Method.java:567)
at org.testng.internal.MethodInvocationHelper.invokeMethod(MethodInvocationHelper.java:133)
at org.testng.internal.TestInvoker.invokeMethod(TestInvoker.java:598)
at org.testng.internal.TestInvoker.invokeTestMethod(TestInvoker.java:173)
at org.testng.internal.MethodRunner.runInSequence(MethodRunner.java:46)
at org.testng.internal.TestInvoker$MethodInvocationAgent.invoke(TestInvoker.java:824)
at org.testng.internal.TestInvoker.invokeTestMethods(TestInvoker.java:146)
at org.testng.internal.TestMethodWorker.invokeTestMethods(TestMethodWorker.java:146)
at org.testng.internal.TestMethodWorker.run(TestMethodWorker.java:128)
at java.base/java.util.ArrayList.forEach(ArrayList.java:1511)
at org.testng.TestRunner.privateRun(TestRunner.java:794)
at org.testng.TestRunner.run(TestRunner.java:596)
at org.testng.SuiteRunner.runTest(SuiteRunner.java:377)
at org.testng.SuiteRunner.access$000(SuiteRunner.java:28)
at org.testng.SuiteRunner$SuiteWorker.run(SuiteRunner.java:418)
at org.testng.internal.thread.ThreadUtil.lambda$execute$0(ThreadUtil.java:64)
at java.base/java.util.concurrent.FutureTask.run(FutureTask.java:264)
at java.base/java.util.concurrent.ThreadPoolExecutor.runWorker(ThreadPoolExecutor.java:1130)
at java.base/java.util.concurrent.ThreadPoolExecutor$Worker.run(ThreadPoolExecutor.java:630)
at java.base/java.lang.Thread.run(Thread.java:831)
]]>
    </failure>
  </testcase> <!-- loginPerformanceGlitch -->
  <system-out>
    <![CDATA[<a href='C:\Users\MauPatel\eclipse-workspace\SeleniumBasic\screenshot\failure_20210822011241.png'> <img src='C:\Users\MauPatel\eclipse-workspace\SeleniumBasic\screenshot\failure_20210822011241.png' height='100' width='100'/> </a>]]>
  </system-out>
  <testcase classname="logintest.Loginfeature" name="loginPerformanceGlitch" time="10.261">
    <failure message="Performance Issue - Page Load Time should be less than 50 milliseconds expected [true] but found [false]" type="java.lang.AssertionError">
      <![CDATA[java.lang.AssertionError: Performance Issue - Page Load Time should be less than 50 milliseconds expected [true] but found [false]
at org.testng.Assert.fail(Assert.java:99)
at org.testng.Assert.failNotEquals(Assert.java:1037)
at org.testng.Assert.assertTrue(Assert.java:45)
at logintest.Loginfeature.loginPerformanceGlitch(Loginfeature.java:106)
at java.base/jdk.internal.reflect.NativeMethodAccessorImpl.invoke0(Native Method)
at java.base/jdk.internal.reflect.NativeMethodAccessorImpl.invoke(NativeMethodAccessorImpl.java:78)
at java.base/jdk.internal.reflect.DelegatingMethodAccessorImpl.invoke(DelegatingMethodAccessorImpl.java:43)
at java.base/java.lang.reflect.Method.invoke(Method.java:567)
at org.testng.internal.MethodInvocationHelper.invokeMethod(MethodInvocationHelper.java:133)
at org.testng.internal.TestInvoker.invokeMethod(TestInvoker.java:598)
at org.testng.internal.TestInvoker.invokeTestMethod(TestInvoker.java:173)
at org.testng.internal.MethodRunner.runInSequence(MethodRunner.java:46)
at org.testng.internal.TestInvoker$MethodInvocationAgent.invoke(TestInvoker.java:824)
at org.testng.internal.TestInvoker.invokeTestMethods(TestInvoker.java:146)
at org.testng.internal.TestMethodWorker.invokeTestMethods(TestMethodWorker.java:146)
at org.testng.internal.TestMethodWorker.run(TestMethodWorker.java:128)
at java.base/java.util.ArrayList.forEach(ArrayList.java:1511)
at org.testng.TestRunner.privateRun(TestRunner.java:794)
at org.testng.TestRunner.run(TestRunner.java:596)
at org.testng.SuiteRunner.runTest(SuiteRunner.java:377)
at org.testng.SuiteRunner.access$000(SuiteRunner.java:28)
at org.testng.SuiteRunner$SuiteWorker.run(SuiteRunner.java:418)
at org.testng.internal.thread.ThreadUtil.lambda$execute$0(ThreadUtil.java:64)
at java.base/java.util.concurrent.FutureTask.run(FutureTask.java:264)
at java.base/java.util.concurrent.ThreadPoolExecutor.runWorker(ThreadPoolExecutor.java:1130)
at java.base/java.util.concurrent.ThreadPoolExecutor$Worker.run(ThreadPoolExecutor.java:630)
at java.base/java.lang.Thread.run(Thread.java:831)
]]>
    </failure>
  </testcase> <!-- loginPerformanceGlitch -->
  <system-out>
    <![CDATA[<a href='C:\Users\MauPatel\eclipse-workspace\SeleniumBasic\screenshot\failure_20210822011204.png'> <img src='C:\Users\MauPatel\eclipse-workspace\SeleniumBasic\screenshot\failure_20210822011204.png' height='100' width='100'/> </a>]]>
  </system-out>
  <testcase classname="logintest.Loginfeature" name="LoginIncorrectPassword" time="7.197"/>
  <system-out>
    <![CDATA[<a href='C:\Users\MauPatel\eclipse-workspace\SeleniumBasic\screenshot\LoginIncorrectPassword_20210822011208.png'> <img src='C:\Users\MauPatel\eclipse-workspace\SeleniumBasic\screenshot\LoginIncorrectPassword_20210822011208.png' height='100' width='100'/> </a>]]>
  </system-out>
  <testcase classname="logintest.Loginfeature" name="LoginIncorrectPassword" time="9.297"/>
  <system-out>
    <![CDATA[<a href='C:\Users\MauPatel\eclipse-workspace\SeleniumBasic\screenshot\LoginIncorrectPassword_20210822011251.png'> <img src='C:\Users\MauPatel\eclipse-workspace\SeleniumBasic\screenshot\LoginIncorrectPassword_20210822011251.png' height='100' width='100'/> </a>]]>
  </system-out>
  <testcase classname="logintest.Loginfeature" name="LoginMandatoryField" time="7.903"/>
  <system-out>
    <![CDATA[<a href='C:\Users\MauPatel\eclipse-workspace\SeleniumBasic\screenshot\LoginMandatoryField_20210822011259.png'> <img src='C:\Users\MauPatel\eclipse-workspace\SeleniumBasic\screenshot\LoginMandatoryField_20210822011259.png' height='100' width='100'/> </a>]]>
  </system-out>
  <testcase classname="logintest.Loginfeature" name="LoginMandatoryField" time="3.086"/>
  <system-out>
    <![CDATA[<a href='C:\Users\MauPatel\eclipse-workspace\SeleniumBasic\screenshot\LoginMandatoryField_20210822011211.png'> <img src='C:\Users\MauPatel\eclipse-workspace\SeleniumBasic\screenshot\LoginMandatoryField_20210822011211.png' height='100' width='100'/> </a>]]>
  </system-out>
</testsuite> <!-- logintest.Loginfeature -->
